<?xml version="1.0" encoding="UTF-8"?>
<TestRun id="b5770d2d-c393-4915-ab35-781d767112d3" name="squillman@NBDN 2011-10-19 11:28:36" runUser="nbdn\squillman" xmlns="http://microsoft.com/schemas/VisualStudio/TeamTest/2010">
  <TestSettings name="Local" id="de38bd12-9e34-4689-b40f-c1d5296dbe77">
    <Description>These are default test settings for a local test run.</Description>
    <Deployment userDeploymentRoot="C:\course\prep\TestResults" useDefaultDeploymentRoot="false" enabled="false" runDeploymentRoot="squillman_NBDN 2011-10-19 11_28_36" />
    <Execution>
      <TestTypeSpecific />
      <AgentRule name="Execution Agents">
      </AgentRule>
    </Execution>
  </TestSettings>
  <Times creation="2011-10-19T11:28:36.7381844-04:00" queuing="2011-10-19T11:28:36.7879891-04:00" start="2011-10-19T11:28:36.9989266-04:00" finish="2011-10-19T11:28:37.6454110-04:00" />
  <ResultSummary outcome="Completed">
    <Counters total="1" executed="1" passed="1" error="0" failed="0" timeout="0" aborted="0" inconclusive="0" passedButRunAborted="0" notRunnable="0" notExecuted="0" disconnected="0" warning="0" completed="0" inProgress="0" pending="0" />
  </ResultSummary>
  <TestDefinitions>
    <UnitTest name="TestMethod1" storage="c:\course\prep\codekata.tests\bin\debug\codekata.tests.dll" id="0d895a8e-65d6-0f3d-9a60-f6e5cf729134">
      <Execution id="d5e96ddd-a296-4f83-91e4-1c9d9e758c89" />
      <TestMethod codeBase="C:/course/prep/codekata.tests/bin/Debug/codekata.tests.DLL" adapterTypeName="Microsoft.VisualStudio.TestTools.TestTypes.Unit.UnitTestAdapter, Microsoft.VisualStudio.QualityTools.Tips.UnitTest.Adapter, Version=10.0.0.0, Culture=neutral, PublicKeyToken=b03f5f7f11d50a3a" className="codekata.tests.UnitTest1, codekata.tests, Version=1.0.0.0, Culture=neutral, PublicKeyToken=null" name="TestMethod1" />
    </UnitTest>
  </TestDefinitions>
  <TestLists>
    <TestList name="Results Not in a List" id="8c84fa94-04c1-424b-9868-57a2d4851a1d" />
    <TestList name="All Loaded Results" id="19431567-8539-422a-85d7-44ee4e166bda" />
  </TestLists>
  <TestEntries>
    <TestEntry testId="0d895a8e-65d6-0f3d-9a60-f6e5cf729134" executionId="d5e96ddd-a296-4f83-91e4-1c9d9e758c89" testListId="8c84fa94-04c1-424b-9868-57a2d4851a1d" />
  </TestEntries>
  <Results>
    <UnitTestResult executionId="d5e96ddd-a296-4f83-91e4-1c9d9e758c89" testId="0d895a8e-65d6-0f3d-9a60-f6e5cf729134" testName="TestMethod1" computerName="NBDN" duration="00:00:00.0153903" startTime="2011-10-19T11:28:37.1610360-04:00" endTime="2011-10-19T11:28:37.4247078-04:00" testType="13cdc9d9-ddb5-4fa4-a97d-d965ccfc6d4b" outcome="Passed" testListId="8c84fa94-04c1-424b-9868-57a2d4851a1d" relativeResultsDirectory="d5e96ddd-a296-4f83-91e4-1c9d9e758c89">
    </UnitTestResult>
  </Results>
</TestRun>