<?xml version="1.0" encoding="UTF-8"?>
<TestRun id="4f14ea22-d947-4a9c-b49e-aba3a8e81187" name="squillman@NBDN 2011-10-19 11:24:37" runUser="nbdn\squillman" xmlns="http://microsoft.com/schemas/VisualStudio/TeamTest/2010">
  <TestSettings name="Local" id="de38bd12-9e34-4689-b40f-c1d5296dbe77">
    <Description>These are default test settings for a local test run.</Description>
    <Deployment enabled="false" runDeploymentRoot="squillman_NBDN 2011-10-19 11_24_37" />
    <Execution>
      <TestTypeSpecific />
      <AgentRule name="Execution Agents">
      </AgentRule>
    </Execution>
  </TestSettings>
  <Times creation="2011-10-19T11:24:37.3514657-04:00" queuing="2011-10-19T11:24:38.8338875-04:00" start="2011-10-19T11:24:39.0780282-04:00" finish="2011-10-19T11:24:39.9178719-04:00" />
  <ResultSummary outcome="Completed">
    <Counters total="1" executed="1" passed="1" error="0" failed="0" timeout="0" aborted="0" inconclusive="0" passedButRunAborted="0" notRunnable="0" notExecuted="0" disconnected="0" warning="0" completed="0" inProgress="0" pending="0" />
  </ResultSummary>
  <TestDefinitions>
    <UnitTest name="TestMethod1" storage="c:\course\prep\codekata.tests\bin\debug\codekata.tests.dll" id="0d895a8e-65d6-0f3d-9a60-f6e5cf729134">
      <Execution id="7586afbb-884d-4fbb-b444-3416ea711774" />
      <TestMethod codeBase="C:/course/prep/codekata.tests/bin/Debug/codekata.tests.DLL" adapterTypeName="Microsoft.VisualStudio.TestTools.TestTypes.Unit.UnitTestAdapter, Microsoft.VisualStudio.QualityTools.Tips.UnitTest.Adapter, Version=10.0.0.0, Culture=neutral, PublicKeyToken=b03f5f7f11d50a3a" className="codekata.tests.UnitTest1, codekata.tests, Version=1.0.0.0, Culture=neutral, PublicKeyToken=null" name="TestMethod1" />
    </UnitTest>
  </TestDefinitions>
  <TestLists>
    <TestList name="Results Not in a List" id="8c84fa94-04c1-424b-9868-57a2d4851a1d" />
    <TestList name="All Loaded Results" id="19431567-8539-422a-85d7-44ee4e166bda" />
  </TestLists>
  <TestEntries>
    <TestEntry testId="0d895a8e-65d6-0f3d-9a60-f6e5cf729134" executionId="7586afbb-884d-4fbb-b444-3416ea711774" testListId="8c84fa94-04c1-424b-9868-57a2d4851a1d" />
  </TestEntries>
  <Results>
    <UnitTestResult executionId="7586afbb-884d-4fbb-b444-3416ea711774" testId="0d895a8e-65d6-0f3d-9a60-f6e5cf729134" testName="TestMethod1" computerName="NBDN" duration="00:00:00.0139631" startTime="2011-10-19T11:24:39.2684578-04:00" endTime="2011-10-19T11:24:39.6590828-04:00" testType="13cdc9d9-ddb5-4fa4-a97d-d965ccfc6d4b" outcome="Passed" testListId="8c84fa94-04c1-424b-9868-57a2d4851a1d" relativeResultsDirectory="7586afbb-884d-4fbb-b444-3416ea711774">
    </UnitTestResult>
  </Results>
</TestRun>