<?xml version="1.0" encoding="UTF-8"?>
<TestRun id="b48605a9-4b00-45ac-99de-85593b23a462" name="squillman@NBDN 2011-10-20 11:29:20" runUser="nbdn\squillman" xmlns="http://microsoft.com/schemas/VisualStudio/TeamTest/2010">
  <TestSettings name="Local" id="de38bd12-9e34-4689-b40f-c1d5296dbe77">
    <Description>These are default test settings for a local test run.</Description>
    <Deployment enabled="false" runDeploymentRoot="squillman_NBDN 2011-10-20 11_29_20" />
    <Execution>
      <TestTypeSpecific />
      <AgentRule name="Execution Agents">
      </AgentRule>
    </Execution>
  </TestSettings>
  <Times creation="2011-10-20T11:29:20.6169753-04:00" queuing="2011-10-20T11:29:32.0837722-04:00" start="2011-10-20T11:29:32.4460768-04:00" finish="2011-10-20T11:29:33.2038893-04:00" />
  <ResultSummary outcome="Completed">
    <Counters total="1" executed="1" passed="1" error="0" failed="0" timeout="0" aborted="0" inconclusive="0" passedButRunAborted="0" notRunnable="0" notExecuted="0" disconnected="0" warning="0" completed="0" inProgress="0" pending="0" />
  </ResultSummary>
  <TestDefinitions>
    <UnitTest name="TestMethod1" storage="c:\course\prep\codekata.tests\bin\debug\codekata.tests.dll" id="0d895a8e-65d6-0f3d-9a60-f6e5cf729134">
      <Execution id="fa00f288-a72d-4366-a8c4-601c84b35de5" />
      <TestMethod codeBase="C:/course/prep/codekata.tests/bin/Debug/codekata.tests.DLL" adapterTypeName="Microsoft.VisualStudio.TestTools.TestTypes.Unit.UnitTestAdapter, Microsoft.VisualStudio.QualityTools.Tips.UnitTest.Adapter, Version=10.0.0.0, Culture=neutral, PublicKeyToken=b03f5f7f11d50a3a" className="codekata.tests.UnitTest1, codekata.tests, Version=1.0.0.0, Culture=neutral, PublicKeyToken=null" name="TestMethod1" />
    </UnitTest>
  </TestDefinitions>
  <TestLists>
    <TestList name="Results Not in a List" id="8c84fa94-04c1-424b-9868-57a2d4851a1d" />
    <TestList name="All Loaded Results" id="19431567-8539-422a-85d7-44ee4e166bda" />
  </TestLists>
  <TestEntries>
    <TestEntry testId="0d895a8e-65d6-0f3d-9a60-f6e5cf729134" executionId="fa00f288-a72d-4366-a8c4-601c84b35de5" testListId="8c84fa94-04c1-424b-9868-57a2d4851a1d" />
  </TestEntries>
  <Results>
    <UnitTestResult executionId="fa00f288-a72d-4366-a8c4-601c84b35de5" testId="0d895a8e-65d6-0f3d-9a60-f6e5cf729134" testName="TestMethod1" computerName="NBDN" duration="00:00:00.0144650" startTime="2011-10-20T11:29:32.5495925-04:00" endTime="2011-10-20T11:29:32.9333815-04:00" testType="13cdc9d9-ddb5-4fa4-a97d-d965ccfc6d4b" outcome="Passed" testListId="8c84fa94-04c1-424b-9868-57a2d4851a1d" relativeResultsDirectory="fa00f288-a72d-4366-a8c4-601c84b35de5">
    </UnitTestResult>
  </Results>
</TestRun>